<?xml version="1.0" encoding="UTF-8"?>
<testsuite xmlns:xsi="http://www.w3.org/2001/XMLSchema-instance" xsi:noNamespaceSchemaLocation="https://maven.apache.org/surefire/maven-surefire-plugin/xsd/surefire-test-report-3.0.xsd" version="3.0" name="com.shivam.MathUtilsTest" time="0.05" tests="5" errors="0" skipped="2" failures="0">
  <properties>
    <property name="java.specification.version" value="17"/>
    <property name="sun.cpu.isalist" value="amd64"/>
    <property name="sun.jnu.encoding" value="Cp1252"/>
    <property name="java.class.path" value="C:\Users\Shivam_Singh\eclipse-workspace\Junit5-Practice-Shivam\target\test-classes;C:\Users\Shivam_Singh\eclipse-workspace\Junit5-Practice-Shivam\target\classes;C:\Users\Shivam_Singh\.m2\repository\org\junit\jupiter\junit-jupiter-engine\5.4.0\junit-jupiter-engine-5.4.0.jar;C:\Users\Shivam_Singh\.m2\repository\org\apiguardian\apiguardian-api\1.0.0\apiguardian-api-1.0.0.jar;C:\Users\Shivam_Singh\.m2\repository\org\junit\platform\junit-platform-engine\1.4.0\junit-platform-engine-1.4.0.jar;C:\Users\Shivam_Singh\.m2\repository\org\junit\jupiter\junit-jupiter-api\5.4.0\junit-jupiter-api-5.4.0.jar;C:\Users\Shivam_Singh\.m2\repository\org\opentest4j\opentest4j\1.1.1\opentest4j-1.1.1.jar;C:\Users\Shivam_Singh\.m2\repository\org\junit\platform\junit-platform-commons\1.4.0\junit-platform-commons-1.4.0.jar;"/>
    <property name="java.vm.vendor" value="Eclipse Adoptium"/>
    <property name="sun.arch.data.model" value="64"/>
    <property name="user.variant" value=""/>
    <property name="java.vendor.url" value="https://adoptium.net/"/>
    <property name="user.timezone" value="Europe/Warsaw"/>
    <property name="os.name" value="Windows 10"/>
    <property name="java.vm.specification.version" value="17"/>
    <property name="sun.java.launcher" value="SUN_STANDARD"/>
    <property name="user.country" value="US"/>
    <property name="sun.boot.library.path" value="C:\Program Files\Eclipse Adoptium\jdk-17.0.7.7-hotspot\bin"/>
    <property name="sun.java.command" value="C:\Users\Shivam_Singh\AppData\Local\Temp\surefire1850627999620575293\surefirebooter-20230516051855603_3.jar C:\Users\Shivam_Singh\AppData\Local\Temp\surefire1850627999620575293 2023-05-16T05-18-55_315-jvmRun1 surefire-20230516051855603_1tmp surefire_0-20230516051855603_2tmp"/>
    <property name="jdk.debug" value="release"/>
    <property name="surefire.test.class.path" value="C:\Users\Shivam_Singh\eclipse-workspace\Junit5-Practice-Shivam\target\test-classes;C:\Users\Shivam_Singh\eclipse-workspace\Junit5-Practice-Shivam\target\classes;C:\Users\Shivam_Singh\.m2\repository\org\junit\jupiter\junit-jupiter-engine\5.4.0\junit-jupiter-engine-5.4.0.jar;C:\Users\Shivam_Singh\.m2\repository\org\apiguardian\apiguardian-api\1.0.0\apiguardian-api-1.0.0.jar;C:\Users\Shivam_Singh\.m2\repository\org\junit\platform\junit-platform-engine\1.4.0\junit-platform-engine-1.4.0.jar;C:\Users\Shivam_Singh\.m2\repository\org\junit\jupiter\junit-jupiter-api\5.4.0\junit-jupiter-api-5.4.0.jar;C:\Users\Shivam_Singh\.m2\repository\org\opentest4j\opentest4j\1.1.1\opentest4j-1.1.1.jar;C:\Users\Shivam_Singh\.m2\repository\org\junit\platform\junit-platform-commons\1.4.0\junit-platform-commons-1.4.0.jar;"/>
    <property name="sun.cpu.endian" value="little"/>
    <property name="user.home" value="C:\Users\Shivam_Singh"/>
    <property name="user.language" value="en"/>
    <property name="java.specification.vendor" value="Oracle Corporation"/>
    <property name="java.version.date" value="2023-04-18"/>
    <property name="java.home" value="C:\Program Files\Eclipse Adoptium\jdk-17.0.7.7-hotspot"/>
    <property name="file.separator" value="\"/>
    <property name="basedir" value="C:\Users\Shivam_Singh\eclipse-workspace\Junit5-Practice-Shivam"/>
    <property name="java.vm.compressedOopsMode" value="Zero based"/>
    <property name="line.separator" value="&#10;"/>
    <property name="java.vm.specification.vendor" value="Oracle Corporation"/>
    <property name="java.specification.name" value="Java Platform API Specification"/>
    <property name="surefire.real.class.path" value="C:\Users\Shivam_Singh\AppData\Local\Temp\surefire1850627999620575293\surefirebooter-20230516051855603_3.jar"/>
    <property name="user.script" value=""/>
    <property name="sun.management.compiler" value="HotSpot 64-Bit Tiered Compilers"/>
    <property name="java.runtime.version" value="17.0.7+7"/>
    <property name="user.name" value="Shivam_Singh"/>
    <property name="path.separator" value=";"/>
    <property name="os.version" value="10.0"/>
    <property name="java.runtime.name" value="OpenJDK Runtime Environment"/>
    <property name="file.encoding" value="Cp1252"/>
    <property name="java.vm.name" value="OpenJDK 64-Bit Server VM"/>
    <property name="java.vendor.version" value="Temurin-17.0.7+7"/>
    <property name="localRepository" value="C:\Users\Shivam_Singh\.m2\repository"/>
    <property name="java.vendor.url.bug" value="https://github.com/adoptium/adoptium-support/issues"/>
    <property name="java.io.tmpdir" value="C:\Users\SHIVAM~1\AppData\Local\Temp\"/>
    <property name="java.version" value="17.0.7"/>
    <property name="user.dir" value="C:\Users\Shivam_Singh\eclipse-workspace\Junit5-Practice-Shivam"/>
    <property name="os.arch" value="amd64"/>
    <property name="java.vm.specification.name" value="Java Virtual Machine Specification"/>
    <property name="sun.os.patch.level" value=""/>
    <property name="native.encoding" value="Cp1252"/>
    <property name="java.library.path" value="C:\Program Files\Eclipse Adoptium\jdk-17.0.7.7-hotspot\bin;C:\windows\Sun\Java\bin;C:\windows\system32;C:\windows;C:\Program Files\Eclipse Adoptium\jdk-17.0.7.7-hotspot\bin;C:\Program Files\Common Files\Oracle\Java\javapath;C:\windows\system32;C:\windows;C:\windows\System32\Wbem;C:\windows\System32\WindowsPowerShell\v1.0\;C:\windows\System32\OpenSSH\;C:\Program Files\apache-maven-3.8.7\bin;C:\Program Files\Amazon\AWSCLIV2\;C:\Program Files\MongoDB\Server\6.0\bin;;C:\Program Files\Docker\Docker\resources\bin;C:\Program Files\MySQL\MySQL Shell 8.0\bin\;C:\Users\Shivam_Singh\AppData\Local\Microsoft\WindowsApps;C:\Program Files\Java\jdk-11\bin;;."/>
    <property name="java.vm.info" value="mixed mode, sharing"/>
    <property name="java.vendor" value="Eclipse Adoptium"/>
    <property name="java.vm.version" value="17.0.7+7"/>
    <property name="sun.io.unicode.encoding" value="UnicodeLittle"/>
    <property name="java.class.version" value="61.0"/>
  </properties>
  <testcase name="testDvide" classname="com.shivam.MathUtilsTest" time="0.023">
    <system-out><![CDATA[This method runs before any methods is run i.e even before the class MathUtilsTest is initialised by Junit Framework engine hence it is declared as static method 
This method runs after each @Test menthod has run 
]]></system-out>
  </testcase>
  <testcase name="test" classname="com.shivam.MathUtilsTest" time="0">
    <skipped message="void com.shivam.MathUtilsTest.test() is @Disabled"/>
  </testcase>
  <testcase name="test1" classname="com.shivam.MathUtilsTest" time="0.003">
    <system-out><![CDATA[This method runs after each @Test menthod has run 
]]></system-out>
  </testcase>
  <testcase name="test2" classname="com.shivam.MathUtilsTest" time="0">
    <skipped message="void com.shivam.MathUtilsTest.test2() is @Disabled"/>
  </testcase>
  <testcase name="calculateCircleArea" classname="com.shivam.MathUtilsTest" time="0.002">
    <system-out><![CDATA[This method runs after each @Test menthod has run 
]]></system-out>
  </testcase>
</testsuite>